<?xml version="1.0" encoding="UTF-8"?>
<testsuite name="org.bedu.sesion01.RockPaperScissorsTest" tests="3" skipped="0" failures="0" errors="0" timestamp="2024-01-21T00:45:10" hostname="Seuls-MacBook-Pro.local" time="0.023">
  <properties/>
  <testcase name="playerTwoCases()" classname="org.bedu.sesion01.RockPaperScissorsTest" time="0.018"/>
  <testcase name="playerOneCases()" classname="org.bedu.sesion01.RockPaperScissorsTest" time="0.001"/>
  <testcase name="tieCases()" classname="org.bedu.sesion01.RockPaperScissorsTest" time="0.001"/>
  <system-out><![CDATA[]]></system-out>
  <system-err><![CDATA[]]></system-err>
</testsuite>
